<?xml version="1.0" encoding="UTF-8"?>
<!-- Generated by org.testng.reporters.JUnitReportReporter -->
<testsuite hostname="DESKTOP-NJ97IE9" failures="0" tests="1" name="session03.Test_PostMethod" time="2.054" errors="0" timestamp="2023-01-31T17:24:47 IST" skipped="0">
  <testcase classname="session03.Test_PostMethod" name="test03" time="2.054"/>
  <system-out/>
</testsuite> <!-- session03.Test_PostMethod -->
