<?xml version="1.0" encoding="UTF-8"?>
<!-- Generated by org.testng.reporters.JUnitReportReporter -->
<testsuite hostname="DESKTOP-NJ97IE9" failures="0" tests="1" name="session03.Test_PutMethod" time="1.913" errors="0" timestamp="2023-01-31T18:05:09 IST" skipped="0">
  <testcase classname="session03.Test_PutMethod" name="test04" time="1.913"/>
  <system-out/>
</testsuite> <!-- session03.Test_PutMethod -->
