<?xml version="1.0" encoding="UTF-8"?>
<!-- Generated by org.testng.reporters.JUnitReportReporter -->
<testsuite hostname="DEC1458" failures="0" tests="1" name="FirstGetRequest" time="2.389" errors="0" timestamp="2023-02-03T19:54:41 IST" skipped="0">
  <testcase classname="FirstGetRequest" name="testcase01" time="2.389"/>
  <system-out/>
</testsuite> <!-- FirstGetRequest -->
