<?xml version="1.0" encoding="UTF-8"?>
<!-- Generated by org.testng.reporters.JUnitReportReporter -->
<testsuite hostname="DESKTOP-NJ97IE9" failures="0" tests="1" name="session03.Test_PatchMethod" time="2.030" errors="0" timestamp="2023-01-31T18:22:13 IST" skipped="0">
  <testcase classname="session03.Test_PatchMethod" name="test05" time="2.030"/>
  <system-out/>
</testsuite> <!-- session03.Test_PatchMethod -->
