<?xml version="1.0" encoding="UTF-8"?>
<!-- Generated by org.testng.reporters.JUnitReportReporter -->
<testsuite hostname="DESKTOP-NJ97IE9" failures="0" tests="1" name="FirstGetRequest" time="1.600" errors="0" timestamp="2023-01-28T13:14:40 IST" skipped="0">
  <testcase classname="FirstGetRequest" name="testcase01" time="1.600"/>
  <system-out/>
</testsuite> <!-- FirstGetRequest -->
